[debug] [2022-04-12T12:06:21.937Z] ----------------------------------------------------------------------
[debug] [2022-04-12T12:06:21.939Z] Command:       C:\Program Files\nodejs\node.exe C:\Users\Michael Elisha\AppData\Roaming\npm\node_modules\firebase-tools\lib\bin\firebase.js init
[debug] [2022-04-12T12:06:21.939Z] CLI Version:   10.6.0
[debug] [2022-04-12T12:06:21.939Z] Platform:      win32
[debug] [2022-04-12T12:06:21.939Z] Node Version:  v14.15.2
[debug] [2022-04-12T12:06:21.940Z] Time:          Tue Apr 12 2022 15:06:21 GMT+0300 (Israel Daylight Time)
[debug] [2022-04-12T12:06:21.940Z] ----------------------------------------------------------------------
[debug] 
[debug] [2022-04-12T12:06:21.946Z] > command requires scopes: ["email","openid","https://www.googleapis.com/auth/cloudplatformprojects.readonly","https://www.googleapis.com/auth/firebase","https://www.googleapis.com/auth/cloud-platform"]
[debug] [2022-04-12T12:06:21.947Z] > authorizing via signed-in user (mishaelifire@gmail.com)
[info] 
     ######## #### ########  ######## ########     ###     ######  ########
     ##        ##  ##     ## ##       ##     ##  ##   ##  ##       ##
     ######    ##  ########  ######   ########  #########  ######  ######
     ##        ##  ##    ##  ##       ##     ## ##     ##       ## ##
     ##       #### ##     ## ######## ########  ##     ##  ######  ########

You're about to initialize a Firebase project in this directory:

  C:\VII Projects\ElisVecation\ElisVac

Before we get started, keep in mind:

  * You are currently outside your home directory

[debug] [2022-04-12T12:08:11.782Z] Error: kill ENOSYS
    at process.kill (internal/process/per_thread.js:200:13)
    at process.listener (C:\Users\Michael Elisha\AppData\Roaming\npm\node_modules\firebase-tools\node_modules\signal-exit\index.js:95:15)
    at process.emit (events.js:315:20)
[error] 
[error] Error: An unexpected error has occurred.
